<?xml version="1.0" encoding="UTF-8"?>
<!-- Generated by org.testng.reporters.JUnitReportReporter -->
<testsuite hostname="DESKTOP-LB2VJ69" failures="0" tests="1" name="Tests.RegisterTest" time="10.973" errors="0" timestamp="2022-11-24T15:24:06 IST" skipped="0">
  <testcase classname="Tests.RegisterTest" name="register" time="10.973"/>
  <system-out>
    <![CDATA[Clicking on the Register Link
Clicking on the Gender male Radio Button
Entering the Firstname into the Firstname Textfeild
Entering the Lasttname into the Lastname Textfeild
Entering the Email into the Email Textfeild
Entering the Password into the Password Textfeild
Entering the password in Confirm Password
Clicking on the Register Button]]>
  </system-out>
</testsuite> <!-- Tests.RegisterTest -->
